c:\users\davi\source\chatroom_game\chatroom\chatroom\x64\debug\vc143.pdb
c:\users\davi\source\chatroom_game\chatroom\chatroom\x64\debug\vc143.idb
c:\users\davi\source\chatroom_game\chatroom\chatroom\x64\debug\ui.obj
c:\users\davi\source\chatroom_game\chatroom\chatroom\x64\debug\main.obj
c:\users\davi\source\chatroom_game\chatroom\chatroom\x64\debug\imgui_tables.obj
c:\users\davi\source\chatroom_game\chatroom\chatroom\x64\debug\imgui_impl_win32.obj
c:\users\davi\source\chatroom_game\chatroom\chatroom\x64\debug\imgui_impl_dx11.obj
c:\users\davi\source\chatroom_game\chatroom\chatroom\x64\debug\imgui_draw.obj
c:\users\davi\source\chatroom_game\chatroom\chatroom\x64\debug\imgui_demo.obj
c:\users\davi\source\chatroom_game\chatroom\chatroom\x64\debug\imgui.obj
c:\users\davi\source\chatroom_game\chatroom\chatroom\x64\debug\imgui_widgets.obj
c:\users\davi\source\chatroom_game\chatroom\x64\debug\chatroom.exe
c:\users\davi\source\chatroom_game\chatroom\x64\debug\chatroom.pdb
c:\users\davi\source\chatroom_game\chatroom\chatroom\x64\debug\chatroom.ilk
c:\users\davi\source\chatroom_game\chatroom\chatroom\x64\debug\chatroom.tlog\cl.command.1.tlog
c:\users\davi\source\chatroom_game\chatroom\chatroom\x64\debug\chatroom.tlog\cl.items.tlog
c:\users\davi\source\chatroom_game\chatroom\chatroom\x64\debug\chatroom.tlog\cl.read.1.tlog
c:\users\davi\source\chatroom_game\chatroom\chatroom\x64\debug\chatroom.tlog\cl.write.1.tlog
c:\users\davi\source\chatroom_game\chatroom\chatroom\x64\debug\chatroom.tlog\link.command.1.tlog
c:\users\davi\source\chatroom_game\chatroom\chatroom\x64\debug\chatroom.tlog\link.read.1.tlog
c:\users\davi\source\chatroom_game\chatroom\chatroom\x64\debug\chatroom.tlog\link.secondary.1.tlog
c:\users\davi\source\chatroom_game\chatroom\chatroom\x64\debug\chatroom.tlog\link.write.1.tlog
